2023-09-15 17:30:31 [INFO ] [Hooks] - [setUp] Scenario Started: Enroll for senior automation
2023-09-15 17:30:31 [INFO ] [Browser] - [startBrowser] Selected Browser is: chrome
2023-09-15 17:30:42 [INFO ] [Browser] - [startBrowser] Chrome Browser is Started1622362417
2023-09-15 17:31:31 [INFO ] [Hooks] - [closeBrowser] Scenario Completed: Enroll for senior automation
2023-09-15 17:31:31 [INFO ] [Hooks] - [closeBrowser] Scenario Status is: FAILED
2023-09-15 17:39:54 [INFO ] [Hooks] - [setUp] Scenario Started: Enroll for senior automation
2023-09-15 17:39:54 [INFO ] [Browser] - [startBrowser] Selected Browser is: chrome
2023-09-15 17:40:05 [INFO ] [Browser] - [startBrowser] Chrome Browser is Started1131786259
2023-09-15 17:41:03 [INFO ] [Hooks] - [closeBrowser] Scenario Completed: Enroll for senior automation
2023-09-15 17:41:03 [INFO ] [Hooks] - [closeBrowser] Scenario Status is: PASSED
2023-09-15 17:50:26 [INFO ] [Hooks] - [setUp] Scenario Started: Enroll for senior automation
2023-09-15 17:50:26 [INFO ] [Browser] - [startBrowser] Selected Browser is: chrome
2023-09-15 17:50:34 [INFO ] [Browser] - [startBrowser] Chrome Browser is Started627519623
2023-09-15 17:51:24 [INFO ] [Hooks] - [closeBrowser] Scenario Completed: Enroll for senior automation
2023-09-15 17:51:24 [INFO ] [Hooks] - [closeBrowser] Scenario Status is: PASSED
2023-09-15 17:53:32 [INFO ] [Hooks] - [setUp] Scenario Started: Enroll for senior automation
2023-09-15 17:53:32 [INFO ] [Browser] - [startBrowser] Selected Browser is: chrome
2023-09-15 17:53:42 [INFO ] [Browser] - [startBrowser] Chrome Browser is Started1335520301
2023-09-15 17:54:40 [INFO ] [Hooks] - [closeBrowser] Scenario Completed: Enroll for senior automation
2023-09-15 17:54:40 [INFO ] [Hooks] - [closeBrowser] Scenario Status is: PASSED
2023-09-15 18:11:01 [INFO ] [Hooks] - [setUp] Scenario Started: Enroll for senior automation
2023-09-15 18:11:01 [INFO ] [Browser] - [startBrowser] Selected Browser is: chrome
2023-09-15 18:11:15 [INFO ] [Browser] - [startBrowser] Chrome Browser is Started140702728
2023-09-15 18:11:45 [INFO ] [Hooks] - [closeBrowser] Scenario Completed: Enroll for senior automation
2023-09-15 18:11:45 [INFO ] [Hooks] - [closeBrowser] Scenario Status is: FAILED
2023-09-15 18:12:04 [INFO ] [Hooks] - [setUp] Scenario Started: Enroll for senior automation
2023-09-15 18:12:04 [INFO ] [Browser] - [startBrowser] Selected Browser is: chrome
2023-09-15 18:12:28 [INFO ] [Browser] - [startBrowser] Chrome Browser is Started1064528406
2023-09-15 18:13:42 [INFO ] [Hooks] - [closeBrowser] Scenario Completed: Enroll for senior automation
2023-09-15 18:13:42 [INFO ] [Hooks] - [closeBrowser] Scenario Status is: FAILED
2023-09-15 18:15:28 [INFO ] [Hooks] - [setUp] Scenario Started: Enroll for senior automation
2023-09-15 18:15:28 [INFO ] [Browser] - [startBrowser] Selected Browser is: chrome
2023-09-15 18:15:42 [INFO ] [Browser] - [startBrowser] Chrome Browser is Started1252138909
2023-09-15 18:16:45 [INFO ] [Hooks] - [closeBrowser] Scenario Completed: Enroll for senior automation
2023-09-15 18:16:45 [INFO ] [Hooks] - [closeBrowser] Scenario Status is: FAILED
2023-09-15 18:20:25 [INFO ] [Hooks] - [setUp] Scenario Started: Enroll for senior automation
2023-09-15 18:20:25 [INFO ] [Browser] - [startBrowser] Selected Browser is: chrome
2023-09-15 18:20:42 [INFO ] [Browser] - [startBrowser] Chrome Browser is Started86506638
2023-09-15 18:21:56 [INFO ] [Hooks] - [closeBrowser] Scenario Completed: Enroll for senior automation
2023-09-15 18:21:56 [INFO ] [Hooks] - [closeBrowser] Scenario Status is: FAILED
2023-09-15 18:24:00 [INFO ] [Hooks] - [setUp] Scenario Started: Enroll for senior automation
2023-09-15 18:24:00 [INFO ] [Browser] - [startBrowser] Selected Browser is: chrome
2023-09-15 18:24:14 [INFO ] [Browser] - [startBrowser] Chrome Browser is Started1204030294
2023-09-15 18:24:41 [INFO ] [Hooks] - [closeBrowser] Scenario Completed: Enroll for senior automation
2023-09-15 18:24:41 [INFO ] [Hooks] - [closeBrowser] Scenario Status is: FAILED
2023-09-15 18:30:29 [INFO ] [Hooks] - [setUp] Scenario Started: Enroll for senior automation
2023-09-15 18:30:29 [INFO ] [Browser] - [startBrowser] Selected Browser is: chrome
2023-09-15 18:30:57 [INFO ] [Browser] - [startBrowser] Chrome Browser is Started80052821
2023-09-15 18:32:12 [INFO ] [Hooks] - [closeBrowser] Scenario Completed: Enroll for senior automation
2023-09-15 18:32:12 [INFO ] [Hooks] - [closeBrowser] Scenario Status is: PASSED
2023-09-15 18:39:04 [INFO ] [Hooks] - [setUp] Scenario Started: Enroll for senior automation
2023-09-15 18:39:04 [INFO ] [Browser] - [startBrowser] Selected Browser is: chrome
2023-09-15 18:39:14 [INFO ] [Browser] - [startBrowser] Chrome Browser is Started265629779
2023-09-15 18:40:28 [INFO ] [Hooks] - [closeBrowser] Scenario Completed: Enroll for senior automation
2023-09-15 18:40:28 [INFO ] [Hooks] - [closeBrowser] Scenario Status is: FAILED
